<?xml version="1.0" encoding="UTF-8"?>
<testng-results skipped="0" failed="0" ignored="9" total="10"
	passed="1">
	<reporter-output>
	</reporter-output>
	<suite name="Default suite" duration-ms="2204" started-at="2018-09-17T07:58:10Z"
		finished-at="2018-09-17T07:58:12Z">
		<groups>
		</groups>
		<test name="Default test" duration-ms="2204" started-at="2018-09-17T07:58:10Z"
			finished-at="2018-09-17T07:58:12Z">
			<class name="com.qa.testcases.JsonServerRequest">
				<test-method status="PASS"
					signature="test_01()[pri:0, instance:com.qa.testcases.JsonServerRequest@68c4039c]"
					name="test_01" duration-ms="2023" started-at="2018-09-17T07:58:10Z"
					finished-at="2018-09-17T07:58:12Z">
					<reporter-output>
					</reporter-output>
				</test-method> <!-- test_01 -->
			</class> <!-- com.qa.testcases.JsonServerRequest -->
		</test> <!-- Default test -->
	</suite> <!-- Default suite -->
</testng-results>
