<?xml version="1.0" encoding="UTF-8"?>
<!-- Generated by org.testng.reporters.JUnitXMLReporter -->
<testsuite hostname="QC-VuongDD" ignored="9" name="Default test"
	tests="1" failures="0" timestamp="17 Sep 2018 07:58:12 GMT" time="2.204"
	errors="0">
	<testcase name="test_01" time="2.023"
		classname="com.qa.testcases.JsonServerRequest" />
	<testcase name="test_04" time="0.0"
		classname="com.qa.testcases.JsonServerRequest">
		<ignored />
	</testcase> <!-- test_04 -->
	<testcase name="test_02" time="0.0"
		classname="com.qa.testcases.JsonServerRequest">
		<ignored />
	</testcase> <!-- test_02 -->
	<testcase name="test_10" time="0.0"
		classname="com.qa.testcases.JsonServerRequest">
		<ignored />
	</testcase> <!-- test_10 -->
	<testcase name="test_08" time="0.0"
		classname="com.qa.testcases.JsonServerRequest">
		<ignored />
	</testcase> <!-- test_08 -->
	<testcase name="test_05" time="0.0"
		classname="com.qa.testcases.JsonServerRequest">
		<ignored />
	</testcase> <!-- test_05 -->
	<testcase name="test_06" time="0.0"
		classname="com.qa.testcases.JsonServerRequest">
		<ignored />
	</testcase> <!-- test_06 -->
	<testcase name="test_03" time="0.0"
		classname="com.qa.testcases.JsonServerRequest">
		<ignored />
	</testcase> <!-- test_03 -->
	<testcase name="test_09" time="0.0"
		classname="com.qa.testcases.JsonServerRequest">
		<ignored />
	</testcase> <!-- test_09 -->
	<testcase name="test_07" time="0.0"
		classname="com.qa.testcases.JsonServerRequest">
		<ignored />
	</testcase> <!-- test_07 -->
</testsuite> <!-- Default test -->
